# JRE version: Java(TM) SE Runtime Environment 18.9 (11.0.7+8) (build 11.0.7+8-LTS)
# Java VM: Java HotSpot(TM) 64-Bit Server VM 18.9 (11.0.7+8-LTS, mixed mode, tiered, compressed oops, g1 gc, windows-amd64)
Heap:
 garbage-first heap   total 227328K, used 151013K [0x0000000081c00000, 0x0000000100000000)
  region size 1024K, 120 young (122880K), 10 survivors (10240K)
 Metaspace       used 68204K, capacity 69964K, committed 70224K, reserved 1110016K
  class space    used 8741K, capacity 9427K, committed 9472K, reserved 1048576K
GC Heap History (10 events):
Event: 9.768 GC heap before
{Heap before GC invocations=13 (full 0):
 garbage-first heap   total 189440K, used 117827K [0x0000000081c00000, 0x0000000100000000)
  region size 1024K, 99 young (101376K), 11 survivors (11264K)
 Metaspace       used 57722K, capacity 59152K, committed 59344K, reserved 1101824K
  class space    used 7388K, capacity 7952K, committed 8064K, reserved 1048576K
}
Event: 9.787 GC heap after
{Heap after GC invocations=14 (full 0):
 garbage-first heap   total 189440K, used 29842K [0x0000000081c00000, 0x0000000100000000)
  region size 1024K, 7 young (7168K), 7 survivors (7168K)
 Metaspace       used 57722K, capacity 59152K, committed 59344K, reserved 1101824K
  class space    used 7388K, capacity 7952K, committed 8064K, reserved 1048576K
}
Event: 10.042 GC heap before
{Heap before GC invocations=14 (full 0):
 garbage-first heap   total 189440K, used 60562K [0x0000000081c00000, 0x0000000100000000)
  region size 1024K, 38 young (38912K), 7 survivors (7168K)
 Metaspace       used 58696K, capacity 60123K, committed 60240K, reserved 1101824K
  class space    used 7501K, capacity 8083K, committed 8192K, reserved 1048576K
}
Event: 10.054 GC heap after
{Heap after GC invocations=15 (full 0):
 garbage-first heap   total 189440K, used 29217K [0x0000000081c00000, 0x0000000100000000)
  region size 1024K, 7 young (7168K), 7 survivors (7168K)
 Metaspace       used 58696K, capacity 60123K, committed 60240K, reserved 1101824K
  class space    used 7501K, capacity 8083K, committed 8192K, reserved 1048576K
}
Event: 11.475 GC heap before
{Heap before GC invocations=16 (full 0):
 garbage-first heap   total 189440K, used 129569K [0x0000000081c00000, 0x0000000100000000)
  region size 1024K, 105 young (107520K), 7 survivors (7168K)
 Metaspace       used 63863K, capacity 65630K, committed 65872K, reserved 1105920K
  class space    used 8265K, capacity 8930K, committed 8960K, reserved 1048576K
}
Event: 11.497 GC heap after
{Heap after GC invocations=17 (full 0):
 garbage-first heap   total 189440K, used 35975K [0x0000000081c00000, 0x0000000100000000)
  region size 1024K, 13 young (13312K), 13 survivors (13312K)
 Metaspace       used 63863K, capacity 65630K, committed 65872K, reserved 1105920K
  class space    used 8265K, capacity 8930K, committed 8960K, reserved 1048576K
}
Event: 64863.995 GC heap before
{Heap before GC invocations=17 (full 0):
 garbage-first heap   total 189440K, used 134279K [0x0000000081c00000, 0x0000000100000000)
  region size 1024K, 110 young (112640K), 13 survivors (13312K)
 Metaspace       used 68168K, capacity 69964K, committed 70224K, reserved 1110016K
  class space    used 8741K, capacity 9427K, committed 9472K, reserved 1048576K
}
Event: 64864.111 GC heap after
{Heap after GC invocations=18 (full 0):
 garbage-first heap   total 227328K, used 37639K [0x0000000081c00000, 0x0000000100000000)
  region size 1024K, 9 young (9216K), 9 survivors (9216K)
 Metaspace       used 68168K, capacity 69964K, committed 70224K, reserved 1110016K
  class space    used 8741K, capacity 9427K, committed 9472K, reserved 1048576K
}
Event: 85724.040 GC heap before
{Heap before GC invocations=18 (full 0):
 garbage-first heap   total 227328K, used 157447K [0x0000000081c00000, 0x0000000100000000)
  region size 1024K, 126 young (129024K), 9 survivors (9216K)
 Metaspace       used 68184K, capacity 69964K, committed 70224K, reserved 1110016K
  class space    used 8741K, capacity 9427K, committed 9472K, reserved 1048576K
}
Event: 85724.119 GC heap after
{Heap after GC invocations=19 (full 0):
 garbage-first heap   total 227328K, used 39397K [0x0000000081c00000, 0x0000000100000000)
  region size 1024K, 10 young (10240K), 10 survivors (10240K)
 Metaspace       used 68184K, capacity 69964K, committed 70224K, reserved 1110016K
  class space    used 8741K, capacity 9427K, committed 9472K, reserved 1048576K
}

